<html>
<body>
<pre>
<h1>µVision Build Log</h1>
<h2>Tool Versions:</h2>
IDE-Version: µVision V5.23.0.0
Copyright (C) 2017 ARM Ltd and ARM Germany GmbH. All rights reserved.
License Information: Yu Lu, Imperial College, LIC=BUUGK-ZAKC8-XUC41-CVNB8-0RQ79-LCXGI
 
Tool Versions:
Toolchain:       MDK-ARM Plus  Version: 5.23
Toolchain Path:  C:\Keil_v5\ARM\ARMCC\Bin
C Compiler:      Armcc.exe V5.06 update 4 (build 422)
Assembler:       Armasm.exe V5.06 update 4 (build 422)
Linker/Locator:  ArmLink.exe V5.06 update 4 (build 422)
Library Manager: ArmAr.exe V5.06 update 4 (build 422)
Hex Converter:   FromElf.exe V5.06 update 4 (build 422)
CPU DLL:         
Dialog DLL:      
Target DLL:      Segger\JL2CM3.dll V2.99.23.0
Dialog DLL:      TCM.DLL V1.27.0.0
 
<h2>Project:</h2>
C:\Users\”Ó\Desktop\FYP_Workspace\Nordic52840\nRF5_SDK_13.0.0_04a0bfd\examples\peripheral\test_mpu_uart\pca10040\blank\arm5_no_packs\uart_pca10040.uvprojx
Project File Date:  03/10/2017

<h2>Output:</h2>
*** Using Compiler 'V5.06 update 4 (build 422)', folder: 'C:\Keil_v5\ARM\ARMCC\Bin'
Build target 'nrf52832_xxaa'
compiling nrf_drv_common.c...
compiling boards.c...
compiling main.c...
..\..\..\main.c(288): error:  #20: identifier "mpu_magn_config_t" is undefined
  		mpu_magn_config_t p_mpu_magn_config;
..\..\..\main.c(289): error:  #20: identifier "OUTPUT_RESOLUTION_16bit" is undefined
  		p_mpu_magn_config.resolution = OUTPUT_RESOLUTION_16bit; // Set output resolution
..\..\..\main.c(290): error:  #20: identifier "CONTINUOUS_MEASUREMENT_100Hz_MODE" is undefined
  		p_mpu_magn_config.mode = CONTINUOUS_MEASUREMENT_100Hz_MODE;	//Set measurement mode
..\..\..\main.c(292): warning:  #223-D: function "mpu_magnetometer_init" declared implicitly
  		ret_code = mpu_magnetometer_init(&p_mpu_magn_config);
..\..\..\main.c(356): warning:  #177-D: variable "msg"  was declared but never referenced
      long msg, data[9];
..\..\..\main.c(359): warning:  #177-D: variable "float_data"  was declared but never referenced
      float float_data[3] = {0};
..\..\..\main.c(455): error:  #20: identifier "APP_TIMER_CONFIG_RTC_FREQUENCY" is undefined
  		err_code = app_timer_start(timer1, 
PP_TIMER_TICKS(360000), NULL);
..\..\..\main.c(401): warning:  #177-D: variable "new_temp"  was declared but never referenced
  	  unsigned char accel_fsr,  new_temp = 0;
..\..\..\main.c(412): warning:  #177-D: variable "TempReading"  was declared but never referenced
  		uint8_t TempReading[3]={0};
..\..\..\main.c(416): warning:  #177-D: variable "quat_data"  was declared but never referenced
  		long *quat_data;
..\..\..\main.c(417): warning:  #177-D: variable "accuracy"  was declared but never referenced
  		int8_t accuracy;
..\..\..\main.c(331): warning:  #177-D: function "gyro_data_ready_cb"  was declared but never referenced
  static void gyro_data_ready_cb(void)
..\..\..\main.c: 8 warnings, 4 errors
compiling app_error.c...
compiling app_error_weak.c...
compiling nrf_drv_uart.c...
compiling app_fifo.c...
compiling app_util_platform.c...
compiling app_uart_fifo.c...
compiling nrf_assert.c...
compiling nrf_strerror.c...
compiling retarget.c...
compiling RTT_Syscalls_KEIL.c...
compiling nrf_log_backend_serial.c...
compiling SEGGER_RTT_printf.c...
compiling nrf_log_frontend.c...
compiling SEGGER_RTT.c...
compiling system_nrf52.c...
".\_build\nrf52832_xxaa.axf" - 4 Error(s), 8 Warning(s).

<h2>Software Packages used:</h2>

Package Vendor: ARM
                http://www.keil.com/pack/ARM.CMSIS.4.5.0.pack
                ARM::CMSIS:CORE:4.3.0
                CMSIS (Cortex Microcontroller Software Interface Standard)
   * Component: CORE Version: 4.3.0

Package Vendor: NordicSemiconductor
                http://developer.nordicsemi.com/nRF5_SDK/pieces/nRF_DeviceFamilyPack/NordicSemiconductor.nRF_DeviceFamilyPack.8.12.0.pack
                NordicSemiconductor::Device:Startup:8.12.0
                Nordic Semiconductor nRF ARM devices Device Family Pack.
   * Component: Startup Version: 8.12.0

<h2>Collection of Component include folders:</h2>
  .\RTE\_nrf52832_xxaa
  C:\Keil_v5\ARM\PACK\ARM\CMSIS\4.5.0\CMSIS\Include
  C:\Keil_v5\ARM\PACK\NordicSemiconductor\nRF_DeviceFamilyPack\8.12.0\Device\Include
  C:\Keil_v5\ARM\PACK\NordicSemiconductor\nRF_DeviceFamilyPack\8.15.2\Device\Include

<h2>Collection of Component Files used:</h2>

   * Component: ARM::CMSIS:CORE:4.3.0

   * Component: NordicSemiconductor::Device:Startup:8.12.0
      Include file:  Device\Include\system_nrf52.h
      Source file:   Device\Source\system_nrf52.c
      Source file:   Device\Source\arm\arm_startup_nrf52.s
Target not created.
Build Time Elapsed:  00:00:14
</pre>
</body>
</html>
